Microsoft HTML Help Compiler 4.74.8702

Compiling c:\Users\user\Desktop\Zachary\TheScarletGem\TmpHtml\help.chm

introduction1.html
basicgamerulescountries.html
basicgamerulestravelling.html
savingprogress.html
highscores.html
keyshortcuts0.html
contactinfo.html
help.png
nexttopic.png
prevtopic.png
help.hhc
help.hhk
default.css
globalstyles.css
introduction14.tif
basicgamerulescountries4.tif
basicgamerulestravelling4.tif
savingprogress4.tif
highscores4.tif
keyshortcuts04.tif
contactinfo9.tif

Compile time: 0 minutes, 2 seconds
9	Topics
34	Local links
0	Internet links
0	Graphics


Created c:\Users\user\Desktop\Zachary\TheScarletGem\TmpHtml\help.chm, 387,092 bytes
Compression decreased file by 19,883 bytes.
